<?xml version="1.0" encoding="UTF-8"?>
<testsuite xmlns:xsi="http://www.w3.org/2001/XMLSchema-instance" xsi:noNamespaceSchemaLocation="https://maven.apache.org/surefire/maven-surefire-plugin/xsd/surefire-test-report.xsd" version="3.0.1" name="TestSuite" time="22.299" tests="14" errors="0" skipped="0" failures="0">
  <properties>
    <property name="java.specification.version" value="22"/>
    <property name="sun.cpu.isalist" value="amd64"/>
    <property name="sun.jnu.encoding" value="Cp1252"/>
    <property name="java.class.path" value="C:\Users\Nabha Raja\eclipse-workspace\RestAssuredFramework\target\test-classes;C:\Users\Nabha Raja\eclipse-workspace\RestAssuredFramework\target\classes;C:\Users\Nabha Raja\.m2\repository\io\rest-assured\rest-assured\5.4.0\rest-assured-5.4.0.jar;C:\Users\Nabha Raja\.m2\repository\org\apache\groovy\groovy\4.0.16\groovy-4.0.16.jar;C:\Users\Nabha Raja\.m2\repository\org\apache\groovy\groovy-xml\4.0.16\groovy-xml-4.0.16.jar;C:\Users\Nabha Raja\.m2\repository\org\apache\httpcomponents\httpclient\4.5.13\httpclient-4.5.13.jar;C:\Users\Nabha Raja\.m2\repository\org\apache\httpcomponents\httpcore\4.4.13\httpcore-4.4.13.jar;C:\Users\Nabha Raja\.m2\repository\commons-logging\commons-logging\1.2\commons-logging-1.2.jar;C:\Users\Nabha Raja\.m2\repository\org\apache\httpcomponents\httpmime\4.5.13\httpmime-4.5.13.jar;C:\Users\Nabha Raja\.m2\repository\org\hamcrest\hamcrest\2.2\hamcrest-2.2.jar;C:\Users\Nabha Raja\.m2\repository\org\ccil\cowan\tagsoup\tagsoup\1.2.1\tagsoup-1.2.1.jar;C:\Users\Nabha Raja\.m2\repository\io\rest-assured\json-path\5.4.0\json-path-5.4.0.jar;C:\Users\Nabha Raja\.m2\repository\org\apache\groovy\groovy-json\4.0.16\groovy-json-4.0.16.jar;C:\Users\Nabha Raja\.m2\repository\io\rest-assured\rest-assured-common\5.4.0\rest-assured-common-5.4.0.jar;C:\Users\Nabha Raja\.m2\repository\io\rest-assured\xml-path\5.4.0\xml-path-5.4.0.jar;C:\Users\Nabha Raja\.m2\repository\com\jayway\jsonpath\json-path\2.9.0\json-path-2.9.0.jar;C:\Users\Nabha Raja\.m2\repository\net\minidev\json-smart\2.5.0\json-smart-2.5.0.jar;C:\Users\Nabha Raja\.m2\repository\net\minidev\accessors-smart\2.5.0\accessors-smart-2.5.0.jar;C:\Users\Nabha Raja\.m2\repository\org\ow2\asm\asm\9.3\asm-9.3.jar;C:\Users\Nabha Raja\.m2\repository\org\slf4j\slf4j-api\2.0.11\slf4j-api-2.0.11.jar;C:\Users\Nabha Raja\.m2\repository\org\json\json\20240303\json-20240303.jar;C:\Users\Nabha Raja\.m2\repository\com\google\code\gson\gson\2.10.1\gson-2.10.1.jar;C:\Users\Nabha Raja\.m2\repository\org\jboss\arquillian\testng\arquillian-testng-container\1.1.13.Final\arquillian-testng-container-1.1.13.Final.jar;C:\Users\Nabha Raja\.m2\repository\org\jboss\arquillian\testng\arquillian-testng-core\1.1.13.Final\arquillian-testng-core-1.1.13.Final.jar;C:\Users\Nabha Raja\.m2\repository\org\jboss\arquillian\test\arquillian-test-api\1.1.13.Final\arquillian-test-api-1.1.13.Final.jar;C:\Users\Nabha Raja\.m2\repository\org\jboss\arquillian\test\arquillian-test-spi\1.1.13.Final\arquillian-test-spi-1.1.13.Final.jar;C:\Users\Nabha Raja\.m2\repository\org\jboss\arquillian\core\arquillian-core-spi\1.1.13.Final\arquillian-core-spi-1.1.13.Final.jar;C:\Users\Nabha Raja\.m2\repository\org\jboss\arquillian\container\arquillian-container-test-api\1.1.13.Final\arquillian-container-test-api-1.1.13.Final.jar;C:\Users\Nabha Raja\.m2\repository\org\jboss\shrinkwrap\shrinkwrap-api\1.2.6\shrinkwrap-api-1.2.6.jar;C:\Users\Nabha Raja\.m2\repository\org\jboss\arquillian\container\arquillian-container-test-spi\1.1.13.Final\arquillian-container-test-spi-1.1.13.Final.jar;C:\Users\Nabha Raja\.m2\repository\org\jboss\arquillian\container\arquillian-container-spi\1.1.13.Final\arquillian-container-spi-1.1.13.Final.jar;C:\Users\Nabha Raja\.m2\repository\org\jboss\shrinkwrap\descriptors\shrinkwrap-descriptors-api-base\2.0.0-alpha-10\shrinkwrap-descriptors-api-base-2.0.0-alpha-10.jar;C:\Users\Nabha Raja\.m2\repository\org\jboss\arquillian\core\arquillian-core-impl-base\1.1.13.Final\arquillian-core-impl-base-1.1.13.Final.jar;C:\Users\Nabha Raja\.m2\repository\org\jboss\arquillian\test\arquillian-test-impl-base\1.1.13.Final\arquillian-test-impl-base-1.1.13.Final.jar;C:\Users\Nabha Raja\.m2\repository\org\jboss\arquillian\container\arquillian-container-impl-base\1.1.13.Final\arquillian-container-impl-base-1.1.13.Final.jar;C:\Users\Nabha Raja\.m2\repository\org\jboss\arquillian\config\arquillian-config-api\1.1.13.Final\arquillian-config-api-1.1.13.Final.jar;C:\Users\Nabha Raja\.m2\repository\org\jboss\arquillian\config\arquillian-config-impl-base\1.1.13.Final\arquillian-config-impl-base-1.1.13.Final.jar;C:\Users\Nabha Raja\.m2\repository\org\jboss\shrinkwrap\descriptors\shrinkwrap-descriptors-spi\2.0.0-alpha-10\shrinkwrap-descriptors-spi-2.0.0-alpha-10.jar;C:\Users\Nabha Raja\.m2\repository\org\jboss\arquillian\container\arquillian-container-test-impl-base\1.1.13.Final\arquillian-container-test-impl-base-1.1.13.Final.jar;C:\Users\Nabha Raja\.m2\repository\org\jboss\shrinkwrap\shrinkwrap-impl-base\1.2.6\shrinkwrap-impl-base-1.2.6.jar;C:\Users\Nabha Raja\.m2\repository\org\jboss\shrinkwrap\shrinkwrap-spi\1.2.6\shrinkwrap-spi-1.2.6.jar;C:\Users\Nabha Raja\.m2\repository\org\wildfly\arquillian\wildfly-arquillian-container-managed\2.0.1.Final\wildfly-arquillian-container-managed-2.0.1.Final.jar;C:\Users\Nabha Raja\.m2\repository\org\wildfly\arquillian\wildfly-arquillian-common\2.0.1.Final\wildfly-arquillian-common-2.0.1.Final.jar;C:\Users\Nabha Raja\.m2\repository\org\jboss\arquillian\testenricher\arquillian-testenricher-cdi\1.1.11.Final\arquillian-testenricher-cdi-1.1.11.Final.jar;C:\Users\Nabha Raja\.m2\repository\org\jboss\arquillian\testenricher\arquillian-testenricher-ejb\1.1.11.Final\arquillian-testenricher-ejb-1.1.11.Final.jar;C:\Users\Nabha Raja\.m2\repository\org\jboss\arquillian\testenricher\arquillian-testenricher-initialcontext\1.1.11.Final\arquillian-testenricher-initialcontext-1.1.11.Final.jar;C:\Users\Nabha Raja\.m2\repository\org\jboss\arquillian\testenricher\arquillian-testenricher-resource\1.1.11.Final\arquillian-testenricher-resource-1.1.11.Final.jar;C:\Users\Nabha Raja\.m2\repository\org\jboss\arquillian\protocol\arquillian-protocol-servlet\1.1.11.Final\arquillian-protocol-servlet-1.1.11.Final.jar;C:\Users\Nabha Raja\.m2\repository\org\wildfly\arquillian\wildfly-arquillian-testenricher-msc\2.0.1.Final\wildfly-arquillian-testenricher-msc-2.0.1.Final.jar;C:\Users\Nabha Raja\.m2\repository\org\wildfly\core\wildfly-server\2.0.10.Final\wildfly-server-2.0.10.Final.jar;C:\Users\Nabha Raja\.m2\repository\org\wildfly\core\wildfly-controller\2.0.10.Final\wildfly-controller-2.0.10.Final.jar;C:\Users\Nabha Raja\.m2\repository\org\jboss\staxmapper\1.2.0.Final\staxmapper-1.2.0.Final.jar;C:\Users\Nabha Raja\.m2\repository\org\wildfly\core\wildfly-domain-http-interface\2.0.10.Final\wildfly-domain-http-interface-2.0.10.Final.jar;C:\Users\Nabha Raja\.m2\repository\org\wildfly\core\wildfly-deployment-repository\2.0.10.Final\wildfly-deployment-repository-2.0.10.Final.jar;C:\Users\Nabha Raja\.m2\repository\org\wildfly\core\wildfly-platform-mbean\2.0.10.Final\wildfly-platform-mbean-2.0.10.Final.jar;C:\Users\Nabha Raja\.m2\repository\org\wildfly\core\wildfly-process-controller\2.0.10.Final\wildfly-process-controller-2.0.10.Final.jar;C:\Users\Nabha Raja\.m2\repository\org\wildfly\core\wildfly-network\2.0.10.Final\wildfly-network-2.0.10.Final.jar;C:\Users\Nabha Raja\.m2\repository\org\wildfly\core\wildfly-self-contained\2.0.10.Final\wildfly-self-contained-2.0.10.Final.jar;C:\Users\Nabha Raja\.m2\repository\org\wildfly\core\wildfly-version\2.0.10.Final\wildfly-version-2.0.10.Final.jar;C:\Users\Nabha Raja\.m2\repository\org\jboss\jandex\2.0.1.Final\jandex-2.0.1.Final.jar;C:\Users\Nabha Raja\.m2\repository\org\jboss\invocation\jboss-invocation\1.4.1.Final\jboss-invocation-1.4.1.Final.jar;C:\Users\Nabha Raja\.m2\repository\org\jboss\logmanager\jboss-logmanager\2.0.3.Final\jboss-logmanager-2.0.3.Final.jar;C:\Users\Nabha Raja\.m2\repository\org\jboss\modules\jboss-modules\1.5.1.Final\jboss-modules-1.5.1.Final.jar;C:\Users\Nabha Raja\.m2\repository\org\jboss\stdio\jboss-stdio\1.0.2.GA\jboss-stdio-1.0.2.GA.jar;C:\Users\Nabha Raja\.m2\repository\org\jboss\jboss-vfs\3.2.11.Final\jboss-vfs-3.2.11.Final.jar;C:\Users\Nabha Raja\.m2\repository\io\undertow\undertow-core\1.3.15.Final\undertow-core-1.3.15.Final.jar;C:\Users\Nabha Raja\.m2\repository\org\wildfly\common\wildfly-common\1.1.0.Final\wildfly-common-1.1.0.Final.jar;C:\Users\Nabha Raja\.m2\repository\org\wildfly\core\wildfly-controller-client\2.0.10.Final\wildfly-controller-client-2.0.10.Final.jar;C:\Users\Nabha Raja\.m2\repository\org\wildfly\core\wildfly-protocol\2.0.10.Final\wildfly-protocol-2.0.10.Final.jar;C:\Users\Nabha Raja\.m2\repository\org\jboss\jboss-dmr\1.3.0.Final\jboss-dmr-1.3.0.Final.jar;C:\Users\Nabha Raja\.m2\repository\org\jboss\threads\jboss-threads\2.2.1.Final\jboss-threads-2.2.1.Final.jar;C:\Users\Nabha Raja\.m2\repository\org\jboss\shrinkwrap\descriptors\shrinkwrap-descriptors-impl-base\2.0.0-alpha-9\shrinkwrap-descriptors-impl-base-2.0.0-alpha-9.jar;C:\Users\Nabha Raja\.m2\repository\org\wildfly\arquillian\wildfly-arquillian-protocol-jmx\2.0.1.Final\wildfly-arquillian-protocol-jmx-2.0.1.Final.jar;C:\Users\Nabha Raja\.m2\repository\org\wildfly\security\wildfly-elytron\1.0.2.Final\wildfly-elytron-1.0.2.Final.jar;C:\Users\Nabha Raja\.m2\repository\org\jboss\arquillian\protocol\arquillian-protocol-jmx\1.1.11.Final\arquillian-protocol-jmx-1.1.11.Final.jar;C:\Users\Nabha Raja\.m2\repository\org\wildfly\core\wildfly-jmx\2.0.10.Final\wildfly-jmx-2.0.10.Final.jar;C:\Users\Nabha Raja\.m2\repository\org\jboss\msc\jboss-msc\1.2.6.Final\jboss-msc-1.2.6.Final.jar;C:\Users\Nabha Raja\.m2\repository\org\wildfly\core\wildfly-remoting\2.0.10.Final\wildfly-remoting-2.0.10.Final.jar;C:\Users\Nabha Raja\.m2\repository\org\wildfly\core\wildfly-domain-management\2.0.10.Final\wildfly-domain-management-2.0.10.Final.jar;C:\Users\Nabha Raja\.m2\repository\org\picketbox\picketbox\4.9.4.Final\picketbox-4.9.4.Final.jar;C:\Users\Nabha Raja\.m2\repository\org\wildfly\core\wildfly-core-security\2.0.10.Final\wildfly-core-security-2.0.10.Final.jar;C:\Users\Nabha Raja\.m2\repository\org\wildfly\core\wildfly-core-security-api\2.0.10.Final\wildfly-core-security-api-2.0.10.Final.jar;C:\Users\Nabha Raja\.m2\repository\org\wildfly\core\wildfly-io\2.0.10.Final\wildfly-io-2.0.10.Final.jar;C:\Users\Nabha Raja\.m2\repository\org\jboss\xnio\xnio-api\3.3.4.Final\xnio-api-3.3.4.Final.jar;C:\Users\Nabha Raja\.m2\repository\org\jboss\xnio\xnio-nio\3.3.4.Final\xnio-nio-3.3.4.Final.jar;C:\Users\Nabha Raja\.m2\repository\org\jboss\logging\jboss-logging\3.3.0.Final\jboss-logging-3.3.0.Final.jar;C:\Users\Nabha Raja\.m2\repository\org\jboss\marshalling\jboss-marshalling\1.4.10.Final\jboss-marshalling-1.4.10.Final.jar;C:\Users\Nabha Raja\.m2\repository\org\jboss\marshalling\jboss-marshalling-river\1.4.10.Final\jboss-marshalling-river-1.4.10.Final.jar;C:\Users\Nabha Raja\.m2\repository\org\jboss\remoting\jboss-remoting\4.0.18.Final\jboss-remoting-4.0.18.Final.jar;C:\Users\Nabha Raja\.m2\repository\org\jboss\remotingjmx\remoting-jmx\2.0.1.Final\remoting-jmx-2.0.1.Final.jar;C:\Users\Nabha Raja\.m2\repository\org\jboss\sasl\jboss-sasl\1.0.5.Final\jboss-sasl-1.0.5.Final.jar;C:\Users\Nabha Raja\.m2\repository\javax\inject\javax.inject\1\javax.inject-1.jar;C:\Users\Nabha Raja\.m2\repository\org\wildfly\core\wildfly-launcher\2.0.10.Final\wildfly-launcher-2.0.10.Final.jar;C:\Users\Nabha Raja\.m2\repository\org\jboss\arquillian\core\arquillian-core-api\1.1.11.Final\arquillian-core-api-1.1.11.Final.jar;C:\Users\Nabha Raja\.m2\repository\com\github\scribejava\scribejava-apis\8.3.3\scribejava-apis-8.3.3.jar;C:\Users\Nabha Raja\.m2\repository\com\github\scribejava\scribejava-core\8.3.3\scribejava-core-8.3.3.jar;C:\Users\Nabha Raja\.m2\repository\com\github\scribejava\scribejava-java8\8.3.3\scribejava-java8-8.3.3.jar;C:\Users\Nabha Raja\.m2\repository\com\fasterxml\jackson\core\jackson-databind\2.14.0\jackson-databind-2.14.0.jar;C:\Users\Nabha Raja\.m2\repository\com\fasterxml\jackson\core\jackson-annotations\2.14.0\jackson-annotations-2.14.0.jar;C:\Users\Nabha Raja\.m2\repository\com\fasterxml\jackson\core\jackson-core\2.14.0\jackson-core-2.14.0.jar;C:\Users\Nabha Raja\.m2\repository\io\rest-assured\json-schema-validator\5.4.0\json-schema-validator-5.4.0.jar;C:\Users\Nabha Raja\.m2\repository\com\github\java-json-tools\json-schema-validator\2.2.14\json-schema-validator-2.2.14.jar;C:\Users\Nabha Raja\.m2\repository\com\github\java-json-tools\jackson-coreutils-equivalence\1.0\jackson-coreutils-equivalence-1.0.jar;C:\Users\Nabha Raja\.m2\repository\com\github\java-json-tools\jackson-coreutils\2.0\jackson-coreutils-2.0.jar;C:\Users\Nabha Raja\.m2\repository\com\github\java-json-tools\msg-simple\1.2\msg-simple-1.2.jar;C:\Users\Nabha Raja\.m2\repository\com\github\java-json-tools\btf\1.3\btf-1.3.jar;C:\Users\Nabha Raja\.m2\repository\com\github\java-json-tools\json-schema-core\1.2.14\json-schema-core-1.2.14.jar;C:\Users\Nabha Raja\.m2\repository\com\github\java-json-tools\uri-template\0.10\uri-template-0.10.jar;C:\Users\Nabha Raja\.m2\repository\org\mozilla\rhino\1.7.7.2\rhino-1.7.7.2.jar;C:\Users\Nabha Raja\.m2\repository\com\sun\mail\mailapi\1.6.2\mailapi-1.6.2.jar;C:\Users\Nabha Raja\.m2\repository\joda-time\joda-time\2.10.5\joda-time-2.10.5.jar;C:\Users\Nabha Raja\.m2\repository\com\googlecode\libphonenumber\libphonenumber\8.11.1\libphonenumber-8.11.1.jar;C:\Users\Nabha Raja\.m2\repository\com\google\code\findbugs\jsr305\3.0.2\jsr305-3.0.2.jar;C:\Users\Nabha Raja\.m2\repository\net\sf\jopt-simple\jopt-simple\5.0.4\jopt-simple-5.0.4.jar;C:\Users\Nabha Raja\.m2\repository\com\google\guava\guava\32.0.1-jre\guava-32.0.1-jre.jar;C:\Users\Nabha Raja\.m2\repository\com\google\guava\failureaccess\1.0.1\failureaccess-1.0.1.jar;C:\Users\Nabha Raja\.m2\repository\com\google\guava\listenablefuture\9999.0-empty-to-avoid-conflict-with-guava\listenablefuture-9999.0-empty-to-avoid-conflict-with-guava.jar;C:\Users\Nabha Raja\.m2\repository\org\checkerframework\checker-qual\3.33.0\checker-qual-3.33.0.jar;C:\Users\Nabha Raja\.m2\repository\com\google\errorprone\error_prone_annotations\2.18.0\error_prone_annotations-2.18.0.jar;C:\Users\Nabha Raja\.m2\repository\com\google\j2objc\j2objc-annotations\2.8\j2objc-annotations-2.8.jar;C:\Users\Nabha Raja\.m2\repository\com\github\javafaker\javafaker\1.0.2\javafaker-1.0.2.jar;C:\Users\Nabha Raja\.m2\repository\org\apache\commons\commons-lang3\3.5\commons-lang3-3.5.jar;C:\Users\Nabha Raja\.m2\repository\org\yaml\snakeyaml\1.23\snakeyaml-1.23-android.jar;C:\Users\Nabha Raja\.m2\repository\com\github\mifmif\generex\1.0.2\generex-1.0.2.jar;C:\Users\Nabha Raja\.m2\repository\dk\brics\automaton\automaton\1.11-8\automaton-1.11-8.jar;C:\Users\Nabha Raja\.m2\repository\org\apache\poi\poi\5.2.5\poi-5.2.5.jar;C:\Users\Nabha Raja\.m2\repository\commons-codec\commons-codec\1.16.0\commons-codec-1.16.0.jar;C:\Users\Nabha Raja\.m2\repository\org\apache\commons\commons-collections4\4.4\commons-collections4-4.4.jar;C:\Users\Nabha Raja\.m2\repository\org\apache\commons\commons-math3\3.6.1\commons-math3-3.6.1.jar;C:\Users\Nabha Raja\.m2\repository\commons-io\commons-io\2.15.0\commons-io-2.15.0.jar;C:\Users\Nabha Raja\.m2\repository\com\zaxxer\SparseBitSet\1.3\SparseBitSet-1.3.jar;C:\Users\Nabha Raja\.m2\repository\org\apache\poi\poi-ooxml\5.2.5\poi-ooxml-5.2.5.jar;C:\Users\Nabha Raja\.m2\repository\org\apache\poi\poi-ooxml-lite\5.2.5\poi-ooxml-lite-5.2.5.jar;C:\Users\Nabha Raja\.m2\repository\org\apache\xmlbeans\xmlbeans\5.2.0\xmlbeans-5.2.0.jar;C:\Users\Nabha Raja\.m2\repository\org\apache\commons\commons-compress\1.25.0\commons-compress-1.25.0.jar;C:\Users\Nabha Raja\.m2\repository\com\github\virtuald\curvesapi\1.08\curvesapi-1.08.jar;C:\Users\Nabha Raja\.m2\repository\org\apache\logging\log4j\log4j-api\2.23.1\log4j-api-2.23.1.jar;C:\Users\Nabha Raja\.m2\repository\org\apache\logging\log4j\log4j-core\2.23.1\log4j-core-2.23.1.jar;C:\Users\Nabha Raja\.m2\repository\org\testng\testng\7.4.0\testng-7.4.0.jar;C:\Users\Nabha Raja\.m2\repository\com\beust\jcommander\1.78\jcommander-1.78.jar;C:\Users\Nabha Raja\.m2\repository\org\webjars\jquery\3.5.1\jquery-3.5.1.jar;C:\Users\Nabha Raja\.m2\repository\com\aventstack\extentreports\5.1.1\extentreports-5.1.1.jar;C:\Users\Nabha Raja\.m2\repository\io\reactivex\rxjava3\rxjava\3.1.6\rxjava-3.1.6.jar;C:\Users\Nabha Raja\.m2\repository\org\reactivestreams\reactive-streams\1.0.4\reactive-streams-1.0.4.jar;C:\Users\Nabha Raja\.m2\repository\org\freemarker\freemarker\2.3.32\freemarker-2.3.32.jar;C:\Users\Nabha Raja\.m2\repository\org\projectlombok\lombok\1.18.26\lombok-1.18.26.jar;"/>
    <property name="java.vm.vendor" value="Oracle Corporation"/>
    <property name="sun.arch.data.model" value="64"/>
    <property name="user.variant" value=""/>
    <property name="java.vendor.url" value="https://java.oracle.com/"/>
    <property name="user.timezone" value="Asia/Calcutta"/>
    <property name="os.name" value="Windows 11"/>
    <property name="java.vm.specification.version" value="22"/>
    <property name="sun.java.launcher" value="SUN_STANDARD"/>
    <property name="user.country" value="US"/>
    <property name="sun.boot.library.path" value="C:\Program Files\Java\jdk-22\bin"/>
    <property name="sun.java.command" value="C:\Users\Nabha Raja\AppData\Local\Temp\surefire2047775700141833200\surefirebooter-20240625162818090_3.jar C:\Users\Nabha Raja\AppData\Local\Temp\surefire2047775700141833200 2024-06-25T16-28-17_933-jvmRun1 surefire-20240625162818090_1tmp surefire_0-20240625162818090_2tmp"/>
    <property name="jdk.debug" value="release"/>
    <property name="surefire.test.class.path" value="C:\Users\Nabha Raja\eclipse-workspace\RestAssuredFramework\target\test-classes;C:\Users\Nabha Raja\eclipse-workspace\RestAssuredFramework\target\classes;C:\Users\Nabha Raja\.m2\repository\io\rest-assured\rest-assured\5.4.0\rest-assured-5.4.0.jar;C:\Users\Nabha Raja\.m2\repository\org\apache\groovy\groovy\4.0.16\groovy-4.0.16.jar;C:\Users\Nabha Raja\.m2\repository\org\apache\groovy\groovy-xml\4.0.16\groovy-xml-4.0.16.jar;C:\Users\Nabha Raja\.m2\repository\org\apache\httpcomponents\httpclient\4.5.13\httpclient-4.5.13.jar;C:\Users\Nabha Raja\.m2\repository\org\apache\httpcomponents\httpcore\4.4.13\httpcore-4.4.13.jar;C:\Users\Nabha Raja\.m2\repository\commons-logging\commons-logging\1.2\commons-logging-1.2.jar;C:\Users\Nabha Raja\.m2\repository\org\apache\httpcomponents\httpmime\4.5.13\httpmime-4.5.13.jar;C:\Users\Nabha Raja\.m2\repository\org\hamcrest\hamcrest\2.2\hamcrest-2.2.jar;C:\Users\Nabha Raja\.m2\repository\org\ccil\cowan\tagsoup\tagsoup\1.2.1\tagsoup-1.2.1.jar;C:\Users\Nabha Raja\.m2\repository\io\rest-assured\json-path\5.4.0\json-path-5.4.0.jar;C:\Users\Nabha Raja\.m2\repository\org\apache\groovy\groovy-json\4.0.16\groovy-json-4.0.16.jar;C:\Users\Nabha Raja\.m2\repository\io\rest-assured\rest-assured-common\5.4.0\rest-assured-common-5.4.0.jar;C:\Users\Nabha Raja\.m2\repository\io\rest-assured\xml-path\5.4.0\xml-path-5.4.0.jar;C:\Users\Nabha Raja\.m2\repository\com\jayway\jsonpath\json-path\2.9.0\json-path-2.9.0.jar;C:\Users\Nabha Raja\.m2\repository\net\minidev\json-smart\2.5.0\json-smart-2.5.0.jar;C:\Users\Nabha Raja\.m2\repository\net\minidev\accessors-smart\2.5.0\accessors-smart-2.5.0.jar;C:\Users\Nabha Raja\.m2\repository\org\ow2\asm\asm\9.3\asm-9.3.jar;C:\Users\Nabha Raja\.m2\repository\org\slf4j\slf4j-api\2.0.11\slf4j-api-2.0.11.jar;C:\Users\Nabha Raja\.m2\repository\org\json\json\20240303\json-20240303.jar;C:\Users\Nabha Raja\.m2\repository\com\google\code\gson\gson\2.10.1\gson-2.10.1.jar;C:\Users\Nabha Raja\.m2\repository\org\jboss\arquillian\testng\arquillian-testng-container\1.1.13.Final\arquillian-testng-container-1.1.13.Final.jar;C:\Users\Nabha Raja\.m2\repository\org\jboss\arquillian\testng\arquillian-testng-core\1.1.13.Final\arquillian-testng-core-1.1.13.Final.jar;C:\Users\Nabha Raja\.m2\repository\org\jboss\arquillian\test\arquillian-test-api\1.1.13.Final\arquillian-test-api-1.1.13.Final.jar;C:\Users\Nabha Raja\.m2\repository\org\jboss\arquillian\test\arquillian-test-spi\1.1.13.Final\arquillian-test-spi-1.1.13.Final.jar;C:\Users\Nabha Raja\.m2\repository\org\jboss\arquillian\core\arquillian-core-spi\1.1.13.Final\arquillian-core-spi-1.1.13.Final.jar;C:\Users\Nabha Raja\.m2\repository\org\jboss\arquillian\container\arquillian-container-test-api\1.1.13.Final\arquillian-container-test-api-1.1.13.Final.jar;C:\Users\Nabha Raja\.m2\repository\org\jboss\shrinkwrap\shrinkwrap-api\1.2.6\shrinkwrap-api-1.2.6.jar;C:\Users\Nabha Raja\.m2\repository\org\jboss\arquillian\container\arquillian-container-test-spi\1.1.13.Final\arquillian-container-test-spi-1.1.13.Final.jar;C:\Users\Nabha Raja\.m2\repository\org\jboss\arquillian\container\arquillian-container-spi\1.1.13.Final\arquillian-container-spi-1.1.13.Final.jar;C:\Users\Nabha Raja\.m2\repository\org\jboss\shrinkwrap\descriptors\shrinkwrap-descriptors-api-base\2.0.0-alpha-10\shrinkwrap-descriptors-api-base-2.0.0-alpha-10.jar;C:\Users\Nabha Raja\.m2\repository\org\jboss\arquillian\core\arquillian-core-impl-base\1.1.13.Final\arquillian-core-impl-base-1.1.13.Final.jar;C:\Users\Nabha Raja\.m2\repository\org\jboss\arquillian\test\arquillian-test-impl-base\1.1.13.Final\arquillian-test-impl-base-1.1.13.Final.jar;C:\Users\Nabha Raja\.m2\repository\org\jboss\arquillian\container\arquillian-container-impl-base\1.1.13.Final\arquillian-container-impl-base-1.1.13.Final.jar;C:\Users\Nabha Raja\.m2\repository\org\jboss\arquillian\config\arquillian-config-api\1.1.13.Final\arquillian-config-api-1.1.13.Final.jar;C:\Users\Nabha Raja\.m2\repository\org\jboss\arquillian\config\arquillian-config-impl-base\1.1.13.Final\arquillian-config-impl-base-1.1.13.Final.jar;C:\Users\Nabha Raja\.m2\repository\org\jboss\shrinkwrap\descriptors\shrinkwrap-descriptors-spi\2.0.0-alpha-10\shrinkwrap-descriptors-spi-2.0.0-alpha-10.jar;C:\Users\Nabha Raja\.m2\repository\org\jboss\arquillian\container\arquillian-container-test-impl-base\1.1.13.Final\arquillian-container-test-impl-base-1.1.13.Final.jar;C:\Users\Nabha Raja\.m2\repository\org\jboss\shrinkwrap\shrinkwrap-impl-base\1.2.6\shrinkwrap-impl-base-1.2.6.jar;C:\Users\Nabha Raja\.m2\repository\org\jboss\shrinkwrap\shrinkwrap-spi\1.2.6\shrinkwrap-spi-1.2.6.jar;C:\Users\Nabha Raja\.m2\repository\org\wildfly\arquillian\wildfly-arquillian-container-managed\2.0.1.Final\wildfly-arquillian-container-managed-2.0.1.Final.jar;C:\Users\Nabha Raja\.m2\repository\org\wildfly\arquillian\wildfly-arquillian-common\2.0.1.Final\wildfly-arquillian-common-2.0.1.Final.jar;C:\Users\Nabha Raja\.m2\repository\org\jboss\arquillian\testenricher\arquillian-testenricher-cdi\1.1.11.Final\arquillian-testenricher-cdi-1.1.11.Final.jar;C:\Users\Nabha Raja\.m2\repository\org\jboss\arquillian\testenricher\arquillian-testenricher-ejb\1.1.11.Final\arquillian-testenricher-ejb-1.1.11.Final.jar;C:\Users\Nabha Raja\.m2\repository\org\jboss\arquillian\testenricher\arquillian-testenricher-initialcontext\1.1.11.Final\arquillian-testenricher-initialcontext-1.1.11.Final.jar;C:\Users\Nabha Raja\.m2\repository\org\jboss\arquillian\testenricher\arquillian-testenricher-resource\1.1.11.Final\arquillian-testenricher-resource-1.1.11.Final.jar;C:\Users\Nabha Raja\.m2\repository\org\jboss\arquillian\protocol\arquillian-protocol-servlet\1.1.11.Final\arquillian-protocol-servlet-1.1.11.Final.jar;C:\Users\Nabha Raja\.m2\repository\org\wildfly\arquillian\wildfly-arquillian-testenricher-msc\2.0.1.Final\wildfly-arquillian-testenricher-msc-2.0.1.Final.jar;C:\Users\Nabha Raja\.m2\repository\org\wildfly\core\wildfly-server\2.0.10.Final\wildfly-server-2.0.10.Final.jar;C:\Users\Nabha Raja\.m2\repository\org\wildfly\core\wildfly-controller\2.0.10.Final\wildfly-controller-2.0.10.Final.jar;C:\Users\Nabha Raja\.m2\repository\org\jboss\staxmapper\1.2.0.Final\staxmapper-1.2.0.Final.jar;C:\Users\Nabha Raja\.m2\repository\org\wildfly\core\wildfly-domain-http-interface\2.0.10.Final\wildfly-domain-http-interface-2.0.10.Final.jar;C:\Users\Nabha Raja\.m2\repository\org\wildfly\core\wildfly-deployment-repository\2.0.10.Final\wildfly-deployment-repository-2.0.10.Final.jar;C:\Users\Nabha Raja\.m2\repository\org\wildfly\core\wildfly-platform-mbean\2.0.10.Final\wildfly-platform-mbean-2.0.10.Final.jar;C:\Users\Nabha Raja\.m2\repository\org\wildfly\core\wildfly-process-controller\2.0.10.Final\wildfly-process-controller-2.0.10.Final.jar;C:\Users\Nabha Raja\.m2\repository\org\wildfly\core\wildfly-network\2.0.10.Final\wildfly-network-2.0.10.Final.jar;C:\Users\Nabha Raja\.m2\repository\org\wildfly\core\wildfly-self-contained\2.0.10.Final\wildfly-self-contained-2.0.10.Final.jar;C:\Users\Nabha Raja\.m2\repository\org\wildfly\core\wildfly-version\2.0.10.Final\wildfly-version-2.0.10.Final.jar;C:\Users\Nabha Raja\.m2\repository\org\jboss\jandex\2.0.1.Final\jandex-2.0.1.Final.jar;C:\Users\Nabha Raja\.m2\repository\org\jboss\invocation\jboss-invocation\1.4.1.Final\jboss-invocation-1.4.1.Final.jar;C:\Users\Nabha Raja\.m2\repository\org\jboss\logmanager\jboss-logmanager\2.0.3.Final\jboss-logmanager-2.0.3.Final.jar;C:\Users\Nabha Raja\.m2\repository\org\jboss\modules\jboss-modules\1.5.1.Final\jboss-modules-1.5.1.Final.jar;C:\Users\Nabha Raja\.m2\repository\org\jboss\stdio\jboss-stdio\1.0.2.GA\jboss-stdio-1.0.2.GA.jar;C:\Users\Nabha Raja\.m2\repository\org\jboss\jboss-vfs\3.2.11.Final\jboss-vfs-3.2.11.Final.jar;C:\Users\Nabha Raja\.m2\repository\io\undertow\undertow-core\1.3.15.Final\undertow-core-1.3.15.Final.jar;C:\Users\Nabha Raja\.m2\repository\org\wildfly\common\wildfly-common\1.1.0.Final\wildfly-common-1.1.0.Final.jar;C:\Users\Nabha Raja\.m2\repository\org\wildfly\core\wildfly-controller-client\2.0.10.Final\wildfly-controller-client-2.0.10.Final.jar;C:\Users\Nabha Raja\.m2\repository\org\wildfly\core\wildfly-protocol\2.0.10.Final\wildfly-protocol-2.0.10.Final.jar;C:\Users\Nabha Raja\.m2\repository\org\jboss\jboss-dmr\1.3.0.Final\jboss-dmr-1.3.0.Final.jar;C:\Users\Nabha Raja\.m2\repository\org\jboss\threads\jboss-threads\2.2.1.Final\jboss-threads-2.2.1.Final.jar;C:\Users\Nabha Raja\.m2\repository\org\jboss\shrinkwrap\descriptors\shrinkwrap-descriptors-impl-base\2.0.0-alpha-9\shrinkwrap-descriptors-impl-base-2.0.0-alpha-9.jar;C:\Users\Nabha Raja\.m2\repository\org\wildfly\arquillian\wildfly-arquillian-protocol-jmx\2.0.1.Final\wildfly-arquillian-protocol-jmx-2.0.1.Final.jar;C:\Users\Nabha Raja\.m2\repository\org\wildfly\security\wildfly-elytron\1.0.2.Final\wildfly-elytron-1.0.2.Final.jar;C:\Users\Nabha Raja\.m2\repository\org\jboss\arquillian\protocol\arquillian-protocol-jmx\1.1.11.Final\arquillian-protocol-jmx-1.1.11.Final.jar;C:\Users\Nabha Raja\.m2\repository\org\wildfly\core\wildfly-jmx\2.0.10.Final\wildfly-jmx-2.0.10.Final.jar;C:\Users\Nabha Raja\.m2\repository\org\jboss\msc\jboss-msc\1.2.6.Final\jboss-msc-1.2.6.Final.jar;C:\Users\Nabha Raja\.m2\repository\org\wildfly\core\wildfly-remoting\2.0.10.Final\wildfly-remoting-2.0.10.Final.jar;C:\Users\Nabha Raja\.m2\repository\org\wildfly\core\wildfly-domain-management\2.0.10.Final\wildfly-domain-management-2.0.10.Final.jar;C:\Users\Nabha Raja\.m2\repository\org\picketbox\picketbox\4.9.4.Final\picketbox-4.9.4.Final.jar;C:\Users\Nabha Raja\.m2\repository\org\wildfly\core\wildfly-core-security\2.0.10.Final\wildfly-core-security-2.0.10.Final.jar;C:\Users\Nabha Raja\.m2\repository\org\wildfly\core\wildfly-core-security-api\2.0.10.Final\wildfly-core-security-api-2.0.10.Final.jar;C:\Users\Nabha Raja\.m2\repository\org\wildfly\core\wildfly-io\2.0.10.Final\wildfly-io-2.0.10.Final.jar;C:\Users\Nabha Raja\.m2\repository\org\jboss\xnio\xnio-api\3.3.4.Final\xnio-api-3.3.4.Final.jar;C:\Users\Nabha Raja\.m2\repository\org\jboss\xnio\xnio-nio\3.3.4.Final\xnio-nio-3.3.4.Final.jar;C:\Users\Nabha Raja\.m2\repository\org\jboss\logging\jboss-logging\3.3.0.Final\jboss-logging-3.3.0.Final.jar;C:\Users\Nabha Raja\.m2\repository\org\jboss\marshalling\jboss-marshalling\1.4.10.Final\jboss-marshalling-1.4.10.Final.jar;C:\Users\Nabha Raja\.m2\repository\org\jboss\marshalling\jboss-marshalling-river\1.4.10.Final\jboss-marshalling-river-1.4.10.Final.jar;C:\Users\Nabha Raja\.m2\repository\org\jboss\remoting\jboss-remoting\4.0.18.Final\jboss-remoting-4.0.18.Final.jar;C:\Users\Nabha Raja\.m2\repository\org\jboss\remotingjmx\remoting-jmx\2.0.1.Final\remoting-jmx-2.0.1.Final.jar;C:\Users\Nabha Raja\.m2\repository\org\jboss\sasl\jboss-sasl\1.0.5.Final\jboss-sasl-1.0.5.Final.jar;C:\Users\Nabha Raja\.m2\repository\javax\inject\javax.inject\1\javax.inject-1.jar;C:\Users\Nabha Raja\.m2\repository\org\wildfly\core\wildfly-launcher\2.0.10.Final\wildfly-launcher-2.0.10.Final.jar;C:\Users\Nabha Raja\.m2\repository\org\jboss\arquillian\core\arquillian-core-api\1.1.11.Final\arquillian-core-api-1.1.11.Final.jar;C:\Users\Nabha Raja\.m2\repository\com\github\scribejava\scribejava-apis\8.3.3\scribejava-apis-8.3.3.jar;C:\Users\Nabha Raja\.m2\repository\com\github\scribejava\scribejava-core\8.3.3\scribejava-core-8.3.3.jar;C:\Users\Nabha Raja\.m2\repository\com\github\scribejava\scribejava-java8\8.3.3\scribejava-java8-8.3.3.jar;C:\Users\Nabha Raja\.m2\repository\com\fasterxml\jackson\core\jackson-databind\2.14.0\jackson-databind-2.14.0.jar;C:\Users\Nabha Raja\.m2\repository\com\fasterxml\jackson\core\jackson-annotations\2.14.0\jackson-annotations-2.14.0.jar;C:\Users\Nabha Raja\.m2\repository\com\fasterxml\jackson\core\jackson-core\2.14.0\jackson-core-2.14.0.jar;C:\Users\Nabha Raja\.m2\repository\io\rest-assured\json-schema-validator\5.4.0\json-schema-validator-5.4.0.jar;C:\Users\Nabha Raja\.m2\repository\com\github\java-json-tools\json-schema-validator\2.2.14\json-schema-validator-2.2.14.jar;C:\Users\Nabha Raja\.m2\repository\com\github\java-json-tools\jackson-coreutils-equivalence\1.0\jackson-coreutils-equivalence-1.0.jar;C:\Users\Nabha Raja\.m2\repository\com\github\java-json-tools\jackson-coreutils\2.0\jackson-coreutils-2.0.jar;C:\Users\Nabha Raja\.m2\repository\com\github\java-json-tools\msg-simple\1.2\msg-simple-1.2.jar;C:\Users\Nabha Raja\.m2\repository\com\github\java-json-tools\btf\1.3\btf-1.3.jar;C:\Users\Nabha Raja\.m2\repository\com\github\java-json-tools\json-schema-core\1.2.14\json-schema-core-1.2.14.jar;C:\Users\Nabha Raja\.m2\repository\com\github\java-json-tools\uri-template\0.10\uri-template-0.10.jar;C:\Users\Nabha Raja\.m2\repository\org\mozilla\rhino\1.7.7.2\rhino-1.7.7.2.jar;C:\Users\Nabha Raja\.m2\repository\com\sun\mail\mailapi\1.6.2\mailapi-1.6.2.jar;C:\Users\Nabha Raja\.m2\repository\joda-time\joda-time\2.10.5\joda-time-2.10.5.jar;C:\Users\Nabha Raja\.m2\repository\com\googlecode\libphonenumber\libphonenumber\8.11.1\libphonenumber-8.11.1.jar;C:\Users\Nabha Raja\.m2\repository\com\google\code\findbugs\jsr305\3.0.2\jsr305-3.0.2.jar;C:\Users\Nabha Raja\.m2\repository\net\sf\jopt-simple\jopt-simple\5.0.4\jopt-simple-5.0.4.jar;C:\Users\Nabha Raja\.m2\repository\com\google\guava\guava\32.0.1-jre\guava-32.0.1-jre.jar;C:\Users\Nabha Raja\.m2\repository\com\google\guava\failureaccess\1.0.1\failureaccess-1.0.1.jar;C:\Users\Nabha Raja\.m2\repository\com\google\guava\listenablefuture\9999.0-empty-to-avoid-conflict-with-guava\listenablefuture-9999.0-empty-to-avoid-conflict-with-guava.jar;C:\Users\Nabha Raja\.m2\repository\org\checkerframework\checker-qual\3.33.0\checker-qual-3.33.0.jar;C:\Users\Nabha Raja\.m2\repository\com\google\errorprone\error_prone_annotations\2.18.0\error_prone_annotations-2.18.0.jar;C:\Users\Nabha Raja\.m2\repository\com\google\j2objc\j2objc-annotations\2.8\j2objc-annotations-2.8.jar;C:\Users\Nabha Raja\.m2\repository\com\github\javafaker\javafaker\1.0.2\javafaker-1.0.2.jar;C:\Users\Nabha Raja\.m2\repository\org\apache\commons\commons-lang3\3.5\commons-lang3-3.5.jar;C:\Users\Nabha Raja\.m2\repository\org\yaml\snakeyaml\1.23\snakeyaml-1.23-android.jar;C:\Users\Nabha Raja\.m2\repository\com\github\mifmif\generex\1.0.2\generex-1.0.2.jar;C:\Users\Nabha Raja\.m2\repository\dk\brics\automaton\automaton\1.11-8\automaton-1.11-8.jar;C:\Users\Nabha Raja\.m2\repository\org\apache\poi\poi\5.2.5\poi-5.2.5.jar;C:\Users\Nabha Raja\.m2\repository\commons-codec\commons-codec\1.16.0\commons-codec-1.16.0.jar;C:\Users\Nabha Raja\.m2\repository\org\apache\commons\commons-collections4\4.4\commons-collections4-4.4.jar;C:\Users\Nabha Raja\.m2\repository\org\apache\commons\commons-math3\3.6.1\commons-math3-3.6.1.jar;C:\Users\Nabha Raja\.m2\repository\commons-io\commons-io\2.15.0\commons-io-2.15.0.jar;C:\Users\Nabha Raja\.m2\repository\com\zaxxer\SparseBitSet\1.3\SparseBitSet-1.3.jar;C:\Users\Nabha Raja\.m2\repository\org\apache\poi\poi-ooxml\5.2.5\poi-ooxml-5.2.5.jar;C:\Users\Nabha Raja\.m2\repository\org\apache\poi\poi-ooxml-lite\5.2.5\poi-ooxml-lite-5.2.5.jar;C:\Users\Nabha Raja\.m2\repository\org\apache\xmlbeans\xmlbeans\5.2.0\xmlbeans-5.2.0.jar;C:\Users\Nabha Raja\.m2\repository\org\apache\commons\commons-compress\1.25.0\commons-compress-1.25.0.jar;C:\Users\Nabha Raja\.m2\repository\com\github\virtuald\curvesapi\1.08\curvesapi-1.08.jar;C:\Users\Nabha Raja\.m2\repository\org\apache\logging\log4j\log4j-api\2.23.1\log4j-api-2.23.1.jar;C:\Users\Nabha Raja\.m2\repository\org\apache\logging\log4j\log4j-core\2.23.1\log4j-core-2.23.1.jar;C:\Users\Nabha Raja\.m2\repository\org\testng\testng\7.4.0\testng-7.4.0.jar;C:\Users\Nabha Raja\.m2\repository\com\beust\jcommander\1.78\jcommander-1.78.jar;C:\Users\Nabha Raja\.m2\repository\org\webjars\jquery\3.5.1\jquery-3.5.1.jar;C:\Users\Nabha Raja\.m2\repository\com\aventstack\extentreports\5.1.1\extentreports-5.1.1.jar;C:\Users\Nabha Raja\.m2\repository\io\reactivex\rxjava3\rxjava\3.1.6\rxjava-3.1.6.jar;C:\Users\Nabha Raja\.m2\repository\org\reactivestreams\reactive-streams\1.0.4\reactive-streams-1.0.4.jar;C:\Users\Nabha Raja\.m2\repository\org\freemarker\freemarker\2.3.32\freemarker-2.3.32.jar;C:\Users\Nabha Raja\.m2\repository\org\projectlombok\lombok\1.18.26\lombok-1.18.26.jar;"/>
    <property name="sun.cpu.endian" value="little"/>
    <property name="user.home" value="C:\Users\Nabha Raja"/>
    <property name="user.language" value="en"/>
    <property name="java.specification.vendor" value="Oracle Corporation"/>
    <property name="java.version.date" value="2024-04-16"/>
    <property name="java.home" value="C:\Program Files\Java\jdk-22"/>
    <property name="file.separator" value="\"/>
    <property name="basedir" value="C:\Users\Nabha Raja\eclipse-workspace\RestAssuredFramework"/>
    <property name="java.vm.compressedOopsMode" value="32-bit"/>
    <property name="line.separator" value="&#10;"/>
    <property name="java.vm.specification.vendor" value="Oracle Corporation"/>
    <property name="java.specification.name" value="Java Platform API Specification"/>
    <property name="surefire.real.class.path" value="C:\Users\Nabha Raja\AppData\Local\Temp\surefire2047775700141833200\surefirebooter-20240625162818090_3.jar"/>
    <property name="user.script" value=""/>
    <property name="sun.management.compiler" value="HotSpot 64-Bit Tiered Compilers"/>
    <property name="java.runtime.version" value="22.0.1+8-16"/>
    <property name="user.name" value="Nabha Raja"/>
    <property name="stdout.encoding" value="Cp1252"/>
    <property name="path.separator" value=";"/>
    <property name="os.version" value="10.0"/>
    <property name="java.runtime.name" value="Java(TM) SE Runtime Environment"/>
    <property name="file.encoding" value="UTF-8"/>
    <property name="java.vm.name" value="Java HotSpot(TM) 64-Bit Server VM"/>
    <property name="localRepository" value="C:\Users\Nabha Raja\.m2\repository"/>
    <property name="java.vendor.url.bug" value="https://bugreport.java.com/bugreport/"/>
    <property name="java.io.tmpdir" value="C:\Users\NABHAR~1\AppData\Local\Temp\"/>
    <property name="java.version" value="22.0.1"/>
    <property name="user.dir" value="C:\Users\Nabha Raja\eclipse-workspace\RestAssuredFramework"/>
    <property name="os.arch" value="amd64"/>
    <property name="java.vm.specification.name" value="Java Virtual Machine Specification"/>
    <property name="sun.os.patch.level" value=""/>
    <property name="native.encoding" value="Cp1252"/>
    <property name="java.library.path" value="C:\Program Files\Java\jdk-22\bin;C:\WINDOWS\Sun\Java\bin;C:\WINDOWS\system32;C:\WINDOWS;C:\Program Files\Common Files\Oracle\Java\javapath;C:\WINDOWS\system32;C:\WINDOWS;C:\WINDOWS\System32\Wbem;C:\WINDOWS\System32\WindowsPowerShell\v1.0\;C:\WINDOWS\System32\OpenSSH\;C:\Program Files\PuTTY\;C:\Program Files\nodejs\;C:\Program Files\Java\jdk-22\bin;C:\apache-maven-3.9.8\bin;C:\Users\Nabha Raja\AppData\Local\Microsoft\WindowsApps;;C:\Program Files\JetBrains\IntelliJ IDEA Community Edition 2023.1.4\bin;;C:\Users\Nabha Raja\AppData\Roaming\npm;."/>
    <property name="java.vm.info" value="mixed mode, sharing"/>
    <property name="stderr.encoding" value="Cp1252"/>
    <property name="java.vendor" value="Oracle Corporation"/>
    <property name="java.vm.version" value="22.0.1+8-16"/>
    <property name="sun.io.unicode.encoding" value="UnicodeLittle"/>
    <property name="java.class.version" value="66.0"/>
  </properties>
  <testcase name="testPostUsers[2024061201, qauser01, John, Cena, qauser01@gmail.com, Test$123, 9676186016](1)" classname="api.test.DataDrivenTests" time="2.934">
    <system-out><![CDATA[HTTP/1.1 200 OK
Date: Tue, 25 Jun 2024 10:58:24 GMT
Content-Type: application/json
Transfer-Encoding: chunked
Connection: keep-alive
Access-Control-Allow-Origin: *
Access-Control-Allow-Methods: GET, POST, DELETE, PUT
Access-Control-Allow-Headers: Content-Type, api_key, Authorization
Server: Jetty(9.2.9.v20150224)

{
    "code": 200,
    "type": "unknown",
    "message": "2024061201"
}
]]></system-out>
  </testcase>
  <testcase name="testPostUsers[2024061202, qauser02, Under, Taker, qauser02@gmail.com, Test$124, 9676186026](2)" classname="api.test.DataDrivenTests" time="1.246">
    <system-out><![CDATA[HTTP/1.1 200 OK
Date: Tue, 25 Jun 2024 10:58:25 GMT
Content-Type: application/json
Transfer-Encoding: chunked
Connection: keep-alive
Access-Control-Allow-Origin: *
Access-Control-Allow-Methods: GET, POST, DELETE, PUT
Access-Control-Allow-Headers: Content-Type, api_key, Authorization
Server: Jetty(9.2.9.v20150224)

{
    "code": 200,
    "type": "unknown",
    "message": "2024061202"
}
]]></system-out>
  </testcase>
  <testcase name="testPostUsers[2024061203, qauser03, The, Rock, qauser03@gmail.com, Test$125, 9676186036](3)" classname="api.test.DataDrivenTests" time="1.278">
    <system-out><![CDATA[HTTP/1.1 200 OK
Date: Tue, 25 Jun 2024 10:58:27 GMT
Content-Type: application/json
Transfer-Encoding: chunked
Connection: keep-alive
Access-Control-Allow-Origin: *
Access-Control-Allow-Methods: GET, POST, DELETE, PUT
Access-Control-Allow-Headers: Content-Type, api_key, Authorization
Server: Jetty(9.2.9.v20150224)

{
    "code": 200,
    "type": "unknown",
    "message": "2024061203"
}
]]></system-out>
  </testcase>
  <testcase name="testPostUsers[2024061204, qauser04, Triple, H, qauser04@gmail.com, Test$126, 9676186046](4)" classname="api.test.DataDrivenTests" time="1.318">
    <system-out><![CDATA[HTTP/1.1 200 OK
Date: Tue, 25 Jun 2024 10:58:28 GMT
Content-Type: application/json
Transfer-Encoding: chunked
Connection: keep-alive
Access-Control-Allow-Origin: *
Access-Control-Allow-Methods: GET, POST, DELETE, PUT
Access-Control-Allow-Headers: Content-Type, api_key, Authorization
Server: Jetty(9.2.9.v20150224)

{
    "code": 200,
    "type": "unknown",
    "message": "2024061204"
}
]]></system-out>
  </testcase>
  <testcase name="testPostUsers[2024061205, qauser05, Shawn, Micheal, qauser05@gmail.com, Test$127, 9676186056](5)" classname="api.test.DataDrivenTests" time="1.193">
    <system-out><![CDATA[HTTP/1.1 200 OK
Date: Tue, 25 Jun 2024 10:58:29 GMT
Content-Type: application/json
Transfer-Encoding: chunked
Connection: keep-alive
Access-Control-Allow-Origin: *
Access-Control-Allow-Methods: GET, POST, DELETE, PUT
Access-Control-Allow-Headers: Content-Type, api_key, Authorization
Server: Jetty(9.2.9.v20150224)

{
    "code": 200,
    "type": "unknown",
    "message": "2024061205"
}
]]></system-out>
  </testcase>
  <testcase name="testDeleteUsers[qauser01](1)" classname="api.test.DataDrivenTests" time="1.255">
    <system-out><![CDATA[HTTP/1.1 200 OK
Date: Tue, 25 Jun 2024 10:58:31 GMT
Content-Type: application/json
Transfer-Encoding: chunked
Connection: keep-alive
Access-Control-Allow-Origin: *
Access-Control-Allow-Methods: GET, POST, DELETE, PUT
Access-Control-Allow-Headers: Content-Type, api_key, Authorization
Server: Jetty(9.2.9.v20150224)

{
    "code": 200,
    "type": "unknown",
    "message": "qauser01"
}
]]></system-out>
  </testcase>
  <testcase name="testDeleteUsers[qauser02](2)" classname="api.test.DataDrivenTests" time="1.201">
    <system-out><![CDATA[HTTP/1.1 200 OK
Date: Tue, 25 Jun 2024 10:58:32 GMT
Content-Type: application/json
Transfer-Encoding: chunked
Connection: keep-alive
Access-Control-Allow-Origin: *
Access-Control-Allow-Methods: GET, POST, DELETE, PUT
Access-Control-Allow-Headers: Content-Type, api_key, Authorization
Server: Jetty(9.2.9.v20150224)

{
    "code": 200,
    "type": "unknown",
    "message": "qauser02"
}
]]></system-out>
  </testcase>
  <testcase name="testDeleteUsers[qauser03](3)" classname="api.test.DataDrivenTests" time="1.277">
    <system-out><![CDATA[HTTP/1.1 200 OK
Date: Tue, 25 Jun 2024 10:58:33 GMT
Content-Type: application/json
Transfer-Encoding: chunked
Connection: keep-alive
Access-Control-Allow-Origin: *
Access-Control-Allow-Methods: GET, POST, DELETE, PUT
Access-Control-Allow-Headers: Content-Type, api_key, Authorization
Server: Jetty(9.2.9.v20150224)

{
    "code": 200,
    "type": "unknown",
    "message": "qauser03"
}
]]></system-out>
  </testcase>
  <testcase name="testDeleteUsers[qauser04](4)" classname="api.test.DataDrivenTests" time="1.302">
    <system-out><![CDATA[HTTP/1.1 200 OK
Date: Tue, 25 Jun 2024 10:58:34 GMT
Content-Type: application/json
Transfer-Encoding: chunked
Connection: keep-alive
Access-Control-Allow-Origin: *
Access-Control-Allow-Methods: GET, POST, DELETE, PUT
Access-Control-Allow-Headers: Content-Type, api_key, Authorization
Server: Jetty(9.2.9.v20150224)

{
    "code": 200,
    "type": "unknown",
    "message": "qauser04"
}
]]></system-out>
  </testcase>
  <testcase name="testDeleteUsers[qauser05](5)" classname="api.test.DataDrivenTests" time="1.335">
    <system-out><![CDATA[HTTP/1.1 200 OK
Date: Tue, 25 Jun 2024 10:58:36 GMT
Content-Type: application/json
Transfer-Encoding: chunked
Connection: keep-alive
Access-Control-Allow-Origin: *
Access-Control-Allow-Methods: GET, POST, DELETE, PUT
Access-Control-Allow-Headers: Content-Type, api_key, Authorization
Server: Jetty(9.2.9.v20150224)

{
    "code": 200,
    "type": "unknown",
    "message": "qauser05"
}
]]></system-out>
  </testcase>
  <testcase name="testPostUser" classname="api.test.UserTests" time="1.358">
    <system-out><![CDATA[16:28:35.867 [main] INFO  api.test.UserTests - ***** User Created *****
HTTP/1.1 200 OK
Date: Tue, 25 Jun 2024 10:58:37 GMT
Content-Type: application/json
Transfer-Encoding: chunked
Connection: keep-alive
Access-Control-Allow-Origin: *
Access-Control-Allow-Methods: GET, POST, DELETE, PUT
Access-Control-Allow-Headers: Content-Type, api_key, Authorization
Server: Jetty(9.2.9.v20150224)

{
    "code": 200,
    "type": "unknown",
    "message": "114109618"
}
]]></system-out>
  </testcase>
  <testcase name="testGetUserByName" classname="api.test.UserTests" time="1.296">
    <system-out><![CDATA[16:28:37.236 [main] INFO  api.test.UserTests - ***** Get Users *****
HTTP/1.1 200 OK
Date: Tue, 25 Jun 2024 10:58:39 GMT
Content-Type: application/json
Transfer-Encoding: chunked
Connection: keep-alive
Access-Control-Allow-Origin: *
Access-Control-Allow-Methods: GET, POST, DELETE, PUT
Access-Control-Allow-Headers: Content-Type, api_key, Authorization
Server: Jetty(9.2.9.v20150224)

{
    "id": 114109618,
    "username": "roy.hirthe",
    "firstName": "Janee",
    "lastName": "Williamson",
    "email": "carma.king@example.com",
    "password": "9gzrq",
    "phone": "516-014-6951",
    "userStatus": 0
}
]]></system-out>
  </testcase>
  <testcase name="testUpdateUserByName" classname="api.test.UserTests" time="1.231">
    <system-out><![CDATA[16:28:38.532 [main] INFO  api.test.UserTests - ***** User Updated *****
HTTP/1.1 200 OK
Date: Tue, 25 Jun 2024 10:58:40 GMT
Content-Type: application/json
Transfer-Encoding: chunked
Connection: keep-alive
Access-Control-Allow-Origin: *
Access-Control-Allow-Methods: GET, POST, DELETE, PUT
Access-Control-Allow-Headers: Content-Type, api_key, Authorization
Server: Jetty(9.2.9.v20150224)

{
    "code": 200,
    "type": "unknown",
    "message": "114109618"
}
]]></system-out>
  </testcase>
  <testcase name="testDeleteUserByName" classname="api.test.UserTests" time="1.221">
    <system-out><![CDATA[16:28:39.763 [main] INFO  api.test.UserTests - ***** User Deleted *****
HTTP/1.1 200 OK
Date: Tue, 25 Jun 2024 10:58:41 GMT
Content-Type: application/json
Transfer-Encoding: chunked
Connection: keep-alive
Access-Control-Allow-Origin: *
Access-Control-Allow-Methods: GET, POST, DELETE, PUT
Access-Control-Allow-Headers: Content-Type, api_key, Authorization
Server: Jetty(9.2.9.v20150224)

{
    "code": 200,
    "type": "unknown",
    "message": "roy.hirthe"
}
]]></system-out>
  </testcase>
</testsuite>