<?xml version="1.0" encoding="UTF-8"?>
<!-- Generated by org.testng.reporters.JUnitReportReporter -->
<testsuite hostname="LAPTOP-6M7LULL1" failures="0" tests="4" name="api.test.UserTests" time="8.333" errors="0" timestamp="2024-06-17T14:42:17 IST" skipped="0">
  <testcase classname="api.test.UserTests" name="testPostUser" time="4.585"/>
  <system-out/>
  <testcase classname="api.test.UserTests" name="testGetUserByName" time="1.288"/>
  <system-out/>
  <testcase classname="api.test.UserTests" name="testUpdateUserByName" time="1.260"/>
  <system-out/>
  <testcase classname="api.test.UserTests" name="testDeleteUserByName" time="1.200"/>
  <system-out/>
</testsuite> <!-- api.test.UserTests -->
