<?xml version="1.0" encoding="UTF-8"?>
<!-- Generated by org.testng.reporters.JUnitReportReporter -->
<testsuite hostname="LAPTOP-6M7LULL1" failures="0" tests="10" name="api.test.DataDrivenTests" time="13.761" errors="0" timestamp="2024-06-12T16:30:45 IST" skipped="0">
  <testcase classname="api.test.DataDrivenTests" name="testPostUsers" time="1.204"/>
  <system-out/>
  <testcase classname="api.test.DataDrivenTests" name="testPostUsers" time="1.253"/>
  <system-out/>
  <testcase classname="api.test.DataDrivenTests" name="testPostUsers" time="2.892"/>
  <system-out/>
  <testcase classname="api.test.DataDrivenTests" name="testPostUsers" time="1.253"/>
  <system-out/>
  <testcase classname="api.test.DataDrivenTests" name="testPostUsers" time="1.205"/>
  <system-out/>
  <testcase classname="api.test.DataDrivenTests" name="testDeleteUsers" time="1.174"/>
  <system-out/>
  <testcase classname="api.test.DataDrivenTests" name="testDeleteUsers" time="1.188"/>
  <system-out/>
  <testcase classname="api.test.DataDrivenTests" name="testDeleteUsers" time="1.189"/>
  <system-out/>
  <testcase classname="api.test.DataDrivenTests" name="testDeleteUsers" time="1.142"/>
  <system-out/>
  <testcase classname="api.test.DataDrivenTests" name="testDeleteUsers" time="1.261"/>
  <system-out/>
</testsuite> <!-- api.test.DataDrivenTests -->
