<?xml version="1.0" encoding="UTF-8"?>
<!-- Generated by org.testng.reporters.JUnitReportReporter -->
<testsuite hostname="LAPTOP-6M7LULL1" failures="0" tests="4" name="api.test.UserTests2" time="6.388" errors="0" timestamp="2024-06-19T18:05:17 IST" skipped="0">
  <testcase classname="api.test.UserTests2" name="testPostUser" time="2.884"/>
  <system-out/>
  <testcase classname="api.test.UserTests2" name="testGetUserByName" time="1.199"/>
  <system-out/>
  <testcase classname="api.test.UserTests2" name="testUpdateUserByName" time="1.158"/>
  <system-out/>
  <testcase classname="api.test.UserTests2" name="testDeleteUserByName" time="1.147"/>
  <system-out/>
</testsuite> <!-- api.test.UserTests2 -->
