<?xml version="1.0" encoding="UTF-8"?>
<!-- Generated by org.testng.reporters.JUnitReportReporter -->
<testsuite hostname="LAPTOP-6M7LULL1" failures="0" tests="10" name="api.test.DataDrivenTests" time="14.316" errors="0" timestamp="2024-06-25T16:28:41 IST" skipped="0">
  <testcase classname="api.test.DataDrivenTests" name="testPostUsers" time="1.318"/>
  <system-out/>
  <testcase classname="api.test.DataDrivenTests" name="testPostUsers" time="2.934"/>
  <system-out/>
  <testcase classname="api.test.DataDrivenTests" name="testPostUsers" time="1.286"/>
  <system-out/>
  <testcase classname="api.test.DataDrivenTests" name="testPostUsers" time="1.238"/>
  <system-out/>
  <testcase classname="api.test.DataDrivenTests" name="testPostUsers" time="1.178"/>
  <system-out/>
  <testcase classname="api.test.DataDrivenTests" name="testDeleteUsers" time="1.343"/>
  <system-out/>
  <testcase classname="api.test.DataDrivenTests" name="testDeleteUsers" time="1.193"/>
  <system-out/>
  <testcase classname="api.test.DataDrivenTests" name="testDeleteUsers" time="1.301"/>
  <system-out/>
  <testcase classname="api.test.DataDrivenTests" name="testDeleteUsers" time="1.270"/>
  <system-out/>
  <testcase classname="api.test.DataDrivenTests" name="testDeleteUsers" time="1.255"/>
  <system-out/>
</testsuite> <!-- api.test.DataDrivenTests -->
