<?xml version="1.0" encoding="UTF-8"?>
<!-- Generated by org.testng.reporters.JUnitReportReporter -->
<testsuite hostname="LAPTOP-6M7LULL1" failures="0" tests="4" name="api.test.UserTests" time="5.117" errors="0" timestamp="2024-06-25T16:28:41 IST" skipped="0">
  <testcase classname="api.test.UserTests" name="testPostUser" time="1.358"/>
  <system-out/>
  <testcase classname="api.test.UserTests" name="testGetUserByName" time="1.307"/>
  <system-out/>
  <testcase classname="api.test.UserTests" name="testUpdateUserByName" time="1.231"/>
  <system-out/>
  <testcase classname="api.test.UserTests" name="testDeleteUserByName" time="1.221"/>
  <system-out/>
</testsuite> <!-- api.test.UserTests -->
